[0m[[0minfo[0m] [0mLoading global plugins from /home/julianpeeters/.sbt/plugins[0m
[0m[[0minfo[0m] [0mSet current project to scalassist-example (in build file:/home/julianpeeters/scalassist-example/)[0m
[0m[[33mwarn[0m] [0mPotentially incompatible versions of dependencies of {file:/home/julianpeeters/scalassist-example/}default-4dad7b:[0m
[0m[[33mwarn[0m] [0m   org.scala-lang: 2.10.2, 2.10.0[0m
[0m[[0minfo[0m] [0mCompiling 1 Scala source to /home/julianpeeters/scalassist-example/target/scala-2.10/classes...[0m
[0m[[0minfo[0m] [0mRunning Test [0m
[0m[[31merror[0m] [0m(run-main) java.lang.IllegalArgumentException: Can not set final java.lang.String field HelloWorld.x to scala.runtime.BoxedUnit[0m
java.lang.IllegalArgumentException: Can not set final java.lang.String field HelloWorld.x to scala.runtime.BoxedUnit
	at sun.reflect.UnsafeFieldAccessorImpl.throwSetIllegalArgumentException(UnsafeFieldAccessorImpl.java:164)
	at sun.reflect.UnsafeFieldAccessorImpl.throwSetIllegalArgumentException(UnsafeFieldAccessorImpl.java:168)
	at sun.reflect.UnsafeFieldAccessorImpl.ensureObj(UnsafeFieldAccessorImpl.java:55)
	at sun.reflect.UnsafeQualifiedObjectFieldAccessorImpl.get(UnsafeQualifiedObjectFieldAccessorImpl.java:38)
	at java.lang.reflect.Field.get(Field.java:376)
	at Test$delayedInit$body.apply(Main.scala:43)
	at scala.Function0$class.apply$mcV$sp(Function0.scala:40)
	at scala.runtime.AbstractFunction0.apply$mcV$sp(AbstractFunction0.scala:12)
	at scala.App$$anonfun$main$1.apply(App.scala:71)
	at scala.App$$anonfun$main$1.apply(App.scala:71)
	at scala.collection.immutable.List.foreach(List.scala:318)
	at scala.collection.generic.TraversableForwarder$class.foreach(TraversableForwarder.scala:32)
	at scala.App$class.main(App.scala:71)
	at Test$.main(Main.scala:19)
	at Test.main(Main.scala)
	at sun.reflect.NativeMethodAccessorImpl.invoke0(Native Method)
	at sun.reflect.NativeMethodAccessorImpl.invoke(NativeMethodAccessorImpl.java:57)
	at sun.reflect.DelegatingMethodAccessorImpl.invoke(DelegatingMethodAccessorImpl.java:43)
	at java.lang.reflect.Method.invoke(Method.java:616)
[0m[[31mtrace[0m] [0mStack trace suppressed: run [34mlast compile:run[0m for the full output.[0m
java.lang.RuntimeException: Nonzero exit code: 1
	at scala.sys.package$.error(package.scala:27)
[0m[[31mtrace[0m] [0mStack trace suppressed: run [34mlast compile:run[0m for the full output.[0m
[0m[[31merror[0m] [0m(compile:[31mrun[0m) Nonzero exit code: 1[0m
[0m[[31merror[0m] [0mTotal time: 9 s, completed Sep 14, 2013 8:13:52 PM[0m
